<?xml version="1.0" encoding="UTF-8"?>
<testsuite name="com.yosep.msa.coupon.coupon.controller.CouponCounterControllerTest" tests="1" skipped="0" failures="0" errors="0" timestamp="2020-12-13T14:22:01" hostname="yokkaebiui-MacBookPro.local" time="0.855">
  <properties/>
  <testcase name="useCountableCouponRestZeroCount()" classname="com.yosep.msa.coupon.coupon.controller.CouponCounterControllerTest" time="0.855"/>
  <system-out><![CDATA[23:22:00.082 [Test worker] DEBUG org.springframework.test.context.BootstrapUtils - Instantiating CacheAwareContextLoaderDelegate from class [org.springframework.test.context.cache.DefaultCacheAwareContextLoaderDelegate]
23:22:00.093 [Test worker] DEBUG org.springframework.test.context.BootstrapUtils - Instantiating BootstrapContext using constructor [public org.springframework.test.context.support.DefaultBootstrapContext(java.lang.Class,org.springframework.test.context.CacheAwareContextLoaderDelegate)]
23:22:00.117 [Test worker] DEBUG org.springframework.test.context.BootstrapUtils - Instantiating TestContextBootstrapper for test class [com.yosep.msa.coupon.coupon.controller.CouponCounterControllerTest] from class [org.springframework.boot.test.context.SpringBootTestContextBootstrapper]
23:22:00.131 [Test worker] INFO org.springframework.boot.test.context.SpringBootTestContextBootstrapper - Neither @ContextConfiguration nor @ContextHierarchy found for test class [com.yosep.msa.coupon.coupon.controller.CouponCounterControllerTest], using SpringBootContextLoader
23:22:00.134 [Test worker] DEBUG org.springframework.test.context.support.AbstractContextLoader - Did not detect default resource location for test class [com.yosep.msa.coupon.coupon.controller.CouponCounterControllerTest]: class path resource [com/yosep/msa/coupon/coupon/controller/CouponCounterControllerTest-context.xml] does not exist
23:22:00.134 [Test worker] DEBUG org.springframework.test.context.support.AbstractContextLoader - Did not detect default resource location for test class [com.yosep.msa.coupon.coupon.controller.CouponCounterControllerTest]: class path resource [com/yosep/msa/coupon/coupon/controller/CouponCounterControllerTestContext.groovy] does not exist
23:22:00.134 [Test worker] INFO org.springframework.test.context.support.AbstractContextLoader - Could not detect default resource locations for test class [com.yosep.msa.coupon.coupon.controller.CouponCounterControllerTest]: no resource found for suffixes {-context.xml, Context.groovy}.
23:22:00.174 [Test worker] DEBUG org.springframework.test.context.support.ActiveProfilesUtils - Could not find an 'annotation declaring class' for annotation type [org.springframework.test.context.ActiveProfiles] and class [com.yosep.msa.coupon.coupon.controller.CouponCounterControllerTest]
23:22:00.253 [Test worker] DEBUG org.springframework.boot.test.context.SpringBootTestContextBootstrapper - @TestExecutionListeners is not present for class [com.yosep.msa.coupon.coupon.controller.CouponCounterControllerTest]: using defaults.
23:22:00.253 [Test worker] INFO org.springframework.boot.test.context.SpringBootTestContextBootstrapper - Loaded default TestExecutionListener class names from location [META-INF/spring.factories]: [org.springframework.security.test.context.support.WithSecurityContextTestExecutionListener, org.springframework.security.test.context.support.ReactorContextTestExecutionListener, org.springframework.boot.test.autoconfigure.restdocs.RestDocsTestExecutionListener, org.springframework.boot.test.autoconfigure.web.client.MockRestServiceServerResetTestExecutionListener, org.springframework.boot.test.autoconfigure.web.servlet.MockMvcPrintOnlyOnFailureTestExecutionListener, org.springframework.boot.test.autoconfigure.web.servlet.WebDriverTestExecutionListener, org.springframework.boot.test.autoconfigure.webservices.client.MockWebServiceServerTestExecutionListener, org.springframework.boot.test.mock.mockito.MockitoTestExecutionListener, org.springframework.boot.test.mock.mockito.ResetMocksTestExecutionListener, org.springframework.test.context.web.ServletTestExecutionListener, org.springframework.test.context.support.DirtiesContextBeforeModesTestExecutionListener, org.springframework.test.context.support.DependencyInjectionTestExecutionListener, org.springframework.test.context.support.DirtiesContextTestExecutionListener, org.springframework.test.context.transaction.TransactionalTestExecutionListener, org.springframework.test.context.jdbc.SqlScriptsTestExecutionListener, org.springframework.test.context.event.EventPublishingTestExecutionListener]
23:22:00.262 [Test worker] DEBUG org.springframework.boot.test.context.SpringBootTestContextBootstrapper - Skipping candidate TestExecutionListener [org.springframework.test.context.web.ServletTestExecutionListener] due to a missing dependency. Specify custom listener classes or make the default listener classes and their required dependencies available. Offending class: [javax/servlet/ServletContext]
23:22:00.267 [Test worker] INFO org.springframework.boot.test.context.SpringBootTestContextBootstrapper - Using TestExecutionListeners: [org.springframework.test.context.support.DirtiesContextBeforeModesTestExecutionListener@dd806df, org.springframework.boot.test.mock.mockito.MockitoTestExecutionListener@cdca1fc, org.springframework.boot.test.autoconfigure.SpringBootDependencyInjectionTestExecutionListener@5f742e4d, org.springframework.test.context.support.DirtiesContextTestExecutionListener@e07384f, org.springframework.test.context.transaction.TransactionalTestExecutionListener@43a439ae, org.springframework.test.context.jdbc.SqlScriptsTestExecutionListener@2a9eb367, org.springframework.security.test.context.support.WithSecurityContextTestExecutionListener@5466f63f, org.springframework.test.context.event.EventPublishingTestExecutionListener@631469bc, org.springframework.security.test.context.support.ReactorContextTestExecutionListener@19f4539, org.springframework.boot.test.autoconfigure.restdocs.RestDocsTestExecutionListener@5e45dbe6, org.springframework.boot.test.autoconfigure.web.client.MockRestServiceServerResetTestExecutionListener@3d71091f, org.springframework.boot.test.autoconfigure.web.servlet.MockMvcPrintOnlyOnFailureTestExecutionListener@7de8ce84, org.springframework.boot.test.autoconfigure.web.servlet.WebDriverTestExecutionListener@625fa8d, org.springframework.boot.test.autoconfigure.webservices.client.MockWebServiceServerTestExecutionListener@76cf8b44, org.springframework.boot.test.mock.mockito.ResetMocksTestExecutionListener@43c34d73]
23:22:00.270 [Test worker] DEBUG org.springframework.test.context.support.AbstractDirtiesContextTestExecutionListener - Before test class: context [DefaultTestContext@41154a5b testClass = CouponCounterControllerTest, testInstance = [null], testMethod = [null], testException = [null], mergedContextConfiguration = [ReactiveWebMergedContextConfiguration@cbd0053 testClass = CouponCounterControllerTest, locations = '{}', classes = '{class com.yosep.msa.coupon.coupon.controller.CouponCounterControllerTest, class com.yosep.msa.coupon.coupon.controller.CouponCounterControllerTest}', contextInitializerClasses = '[]', activeProfiles = '{}', propertySourceLocations = '{}', propertySourceProperties = '{org.springframework.boot.test.context.SpringBootTestContextBootstrapper=true}', contextCustomizers = set[org.springframework.boot.test.autoconfigure.properties.PropertyMappingContextCustomizer@0, org.springframework.boot.test.autoconfigure.web.servlet.WebDriverContextCustomizerFactory$Customizer@78112c12, [ImportsContextCustomizer@814c30e key = [com.yosep.msa.coupon.config.RedisConfig, com.yosep.msa.coupon.coupon.repository.CouponRedisCounterRepository, com.yosep.msa.coupon.coupon.service.CouponCounterService, com.yosep.msa.coupon.coupon.controller.CouponCounterRouter, com.yosep.msa.coupon.coupon.service.CouponCounterHandler]], org.springframework.boot.test.context.filter.ExcludeFilterContextCustomizer@7439c56e, org.springframework.boot.test.json.DuplicateJsonObjectContextCustomizerFactory$DuplicateJsonObjectContextCustomizer@3b7caf9f, org.springframework.boot.test.mock.mockito.MockitoContextCustomizer@0, org.springframework.boot.test.web.client.TestRestTemplateContextCustomizer@604552c6, org.springframework.boot.test.web.reactive.server.WebTestClientContextCustomizer@5eaf16d6, org.springframework.boot.test.context.SpringBootTestArgs@1, org.springframework.boot.test.context.SpringBootTestWebEnvironment@458248f0], contextLoader = 'org.springframework.boot.test.context.SpringBootContextLoader', parent = [null]], attributes = map[[empty]]], class annotated with @DirtiesContext [false] with mode [null].
23:22:00.299 [Test worker] DEBUG org.springframework.test.context.support.TestPropertySourceUtils - Adding inlined properties to environment: {spring.jmx.enabled=false, org.springframework.boot.test.context.SpringBootTestContextBootstrapper=true}

  .   ____          _            __ _ _
 /\\ / ___'_ __ _ _(_)_ __  __ _ \ \ \ \
( ( )\___ | '_ | '_| | '_ \/ _` | \ \ \ \
 \\/  ___)| |_)| | | | | || (_| |  ) ) ) )
  '  |____| .__|_| |_|_| |_\__, | / / / /
 =========|_|==============|___/=/_/_/_/
 :: Spring Boot ::        (v2.3.5.RELEASE)

2020-12-13 23:22:00.558  INFO 56897 --- [    Test worker] c.y.m.c.c.c.CouponCounterControllerTest  : Starting CouponCounterControllerTest on yokkaebiui-MacBookPro.local with PID 56897 (started by yoggaebi in /Users/yoggaebi/IdeaProjects/yos-coupon-reactive-api)
2020-12-13 23:22:00.559  INFO 56897 --- [    Test worker] c.y.m.c.c.c.CouponCounterControllerTest  : No active profile set, falling back to default profiles: default
2020-12-13 23:22:01.611  INFO 56897 --- [    Test worker] c.y.m.c.c.c.CouponCounterControllerTest  : Started CouponCounterControllerTest in 1.306 seconds (JVM running for 2.24)
]]></system-out>
  <system-err><![CDATA[]]></system-err>
</testsuite>
