<?xml version="1.0" encoding="UTF-8"?>
<testsuite name="com.yosep.msa.coupon.coupon.controller.CouponCounterControllerTest" tests="5" skipped="0" failures="0" errors="0" timestamp="2020-12-11T14:11:46" hostname="yokkaebiui-MacBookPro.local" time="1.214">
  <properties/>
  <testcase name="useCountableCouponTest()" classname="com.yosep.msa.coupon.coupon.controller.CouponCounterControllerTest" time="1.122"/>
  <testcase name="useCoutableCouponRestOneCount()" classname="com.yosep.msa.coupon.coupon.controller.CouponCounterControllerTest" time="0.017"/>
  <testcase name="getCouponControllerTest()" classname="com.yosep.msa.coupon.coupon.controller.CouponCounterControllerTest" time="0.043"/>
  <testcase name="useCountableCouponRestZeroCount()" classname="com.yosep.msa.coupon.coupon.controller.CouponCounterControllerTest" time="0.008"/>
  <testcase name="useCountableCouponButCountZeroTest()" classname="com.yosep.msa.coupon.coupon.controller.CouponCounterControllerTest" time="0.014"/>
  <system-out><![CDATA[23:11:44.517 [Test worker] DEBUG org.springframework.test.context.BootstrapUtils - Instantiating CacheAwareContextLoaderDelegate from class [org.springframework.test.context.cache.DefaultCacheAwareContextLoaderDelegate]
23:11:44.533 [Test worker] DEBUG org.springframework.test.context.BootstrapUtils - Instantiating BootstrapContext using constructor [public org.springframework.test.context.support.DefaultBootstrapContext(java.lang.Class,org.springframework.test.context.CacheAwareContextLoaderDelegate)]
23:11:44.563 [Test worker] DEBUG org.springframework.test.context.BootstrapUtils - Instantiating TestContextBootstrapper for test class [com.yosep.msa.coupon.coupon.controller.CouponCounterControllerTest] from class [org.springframework.boot.test.context.SpringBootTestContextBootstrapper]
23:11:44.586 [Test worker] INFO org.springframework.boot.test.context.SpringBootTestContextBootstrapper - Neither @ContextConfiguration nor @ContextHierarchy found for test class [com.yosep.msa.coupon.coupon.controller.CouponCounterControllerTest], using SpringBootContextLoader
23:11:44.591 [Test worker] DEBUG org.springframework.test.context.support.AbstractContextLoader - Did not detect default resource location for test class [com.yosep.msa.coupon.coupon.controller.CouponCounterControllerTest]: class path resource [com/yosep/msa/coupon/coupon/controller/CouponCounterControllerTest-context.xml] does not exist
23:11:44.591 [Test worker] DEBUG org.springframework.test.context.support.AbstractContextLoader - Did not detect default resource location for test class [com.yosep.msa.coupon.coupon.controller.CouponCounterControllerTest]: class path resource [com/yosep/msa/coupon/coupon/controller/CouponCounterControllerTestContext.groovy] does not exist
23:11:44.592 [Test worker] INFO org.springframework.test.context.support.AbstractContextLoader - Could not detect default resource locations for test class [com.yosep.msa.coupon.coupon.controller.CouponCounterControllerTest]: no resource found for suffixes {-context.xml, Context.groovy}.
23:11:44.653 [Test worker] DEBUG org.springframework.test.context.support.ActiveProfilesUtils - Could not find an 'annotation declaring class' for annotation type [org.springframework.test.context.ActiveProfiles] and class [com.yosep.msa.coupon.coupon.controller.CouponCounterControllerTest]
23:11:44.777 [Test worker] DEBUG org.springframework.boot.test.context.SpringBootTestContextBootstrapper - @TestExecutionListeners is not present for class [com.yosep.msa.coupon.coupon.controller.CouponCounterControllerTest]: using defaults.
23:11:44.778 [Test worker] INFO org.springframework.boot.test.context.SpringBootTestContextBootstrapper - Loaded default TestExecutionListener class names from location [META-INF/spring.factories]: [org.springframework.security.test.context.support.WithSecurityContextTestExecutionListener, org.springframework.security.test.context.support.ReactorContextTestExecutionListener, org.springframework.boot.test.autoconfigure.restdocs.RestDocsTestExecutionListener, org.springframework.boot.test.autoconfigure.web.client.MockRestServiceServerResetTestExecutionListener, org.springframework.boot.test.autoconfigure.web.servlet.MockMvcPrintOnlyOnFailureTestExecutionListener, org.springframework.boot.test.autoconfigure.web.servlet.WebDriverTestExecutionListener, org.springframework.boot.test.autoconfigure.webservices.client.MockWebServiceServerTestExecutionListener, org.springframework.boot.test.mock.mockito.MockitoTestExecutionListener, org.springframework.boot.test.mock.mockito.ResetMocksTestExecutionListener, org.springframework.test.context.web.ServletTestExecutionListener, org.springframework.test.context.support.DirtiesContextBeforeModesTestExecutionListener, org.springframework.test.context.support.DependencyInjectionTestExecutionListener, org.springframework.test.context.support.DirtiesContextTestExecutionListener, org.springframework.test.context.transaction.TransactionalTestExecutionListener, org.springframework.test.context.jdbc.SqlScriptsTestExecutionListener, org.springframework.test.context.event.EventPublishingTestExecutionListener]
23:11:44.792 [Test worker] DEBUG org.springframework.boot.test.context.SpringBootTestContextBootstrapper - Skipping candidate TestExecutionListener [org.springframework.test.context.web.ServletTestExecutionListener] due to a missing dependency. Specify custom listener classes or make the default listener classes and their required dependencies available. Offending class: [javax/servlet/ServletContext]
23:11:44.802 [Test worker] INFO org.springframework.boot.test.context.SpringBootTestContextBootstrapper - Using TestExecutionListeners: [org.springframework.test.context.support.DirtiesContextBeforeModesTestExecutionListener@6e497247, org.springframework.boot.test.mock.mockito.MockitoTestExecutionListener@229323d5, org.springframework.boot.test.autoconfigure.SpringBootDependencyInjectionTestExecutionListener@6b89c061, org.springframework.test.context.support.DirtiesContextTestExecutionListener@4df1a7f1, org.springframework.test.context.transaction.TransactionalTestExecutionListener@688f2f42, org.springframework.test.context.jdbc.SqlScriptsTestExecutionListener@5339240d, org.springframework.security.test.context.support.WithSecurityContextTestExecutionListener@76166cc3, org.springframework.test.context.event.EventPublishingTestExecutionListener@369893df, org.springframework.security.test.context.support.ReactorContextTestExecutionListener@277c4f71, org.springframework.boot.test.autoconfigure.restdocs.RestDocsTestExecutionListener@3dff0edf, org.springframework.boot.test.autoconfigure.web.client.MockRestServiceServerResetTestExecutionListener@78ca0dd7, org.springframework.boot.test.autoconfigure.web.servlet.MockMvcPrintOnlyOnFailureTestExecutionListener@abe6f7a, org.springframework.boot.test.autoconfigure.web.servlet.WebDriverTestExecutionListener@4ffcae9b, org.springframework.boot.test.autoconfigure.webservices.client.MockWebServiceServerTestExecutionListener@ab0d84d, org.springframework.boot.test.mock.mockito.ResetMocksTestExecutionListener@223cd879]
23:11:44.806 [Test worker] DEBUG org.springframework.test.context.support.AbstractDirtiesContextTestExecutionListener - Before test class: context [DefaultTestContext@d2464b testClass = CouponCounterControllerTest, testInstance = [null], testMethod = [null], testException = [null], mergedContextConfiguration = [ReactiveWebMergedContextConfiguration@588df4b5 testClass = CouponCounterControllerTest, locations = '{}', classes = '{class com.yosep.msa.coupon.coupon.controller.CouponCounterControllerTest, class com.yosep.msa.coupon.coupon.controller.CouponCounterControllerTest}', contextInitializerClasses = '[]', activeProfiles = '{}', propertySourceLocations = '{}', propertySourceProperties = '{org.springframework.boot.test.context.SpringBootTestContextBootstrapper=true}', contextCustomizers = set[org.springframework.boot.test.autoconfigure.properties.PropertyMappingContextCustomizer@0, org.springframework.boot.test.autoconfigure.web.servlet.WebDriverContextCustomizerFactory$Customizer@6d5f1040, [ImportsContextCustomizer@5fb544a9 key = [com.yosep.msa.coupon.config.RedisConfig, com.yosep.msa.coupon.coupon.repository.CouponRedisCounterRepository, com.yosep.msa.coupon.coupon.service.CouponCounterService, com.yosep.msa.coupon.coupon.controller.CouponCounterRouter, com.yosep.msa.coupon.coupon.service.CouponCounterHandler]], org.springframework.boot.test.context.filter.ExcludeFilterContextCustomizer@11a9e5ba, org.springframework.boot.test.json.DuplicateJsonObjectContextCustomizerFactory$DuplicateJsonObjectContextCustomizer@d29d247, org.springframework.boot.test.mock.mockito.MockitoContextCustomizer@0, org.springframework.boot.test.web.client.TestRestTemplateContextCustomizer@2347c327, org.springframework.boot.test.web.reactive.server.WebTestClientContextCustomizer@5374a836, org.springframework.boot.test.context.SpringBootTestArgs@1, org.springframework.boot.test.context.SpringBootTestWebEnvironment@61316efa], contextLoader = 'org.springframework.boot.test.context.SpringBootContextLoader', parent = [null]], attributes = map[[empty]]], class annotated with @DirtiesContext [false] with mode [null].
23:11:44.850 [Test worker] DEBUG org.springframework.test.context.support.TestPropertySourceUtils - Adding inlined properties to environment: {spring.jmx.enabled=false, org.springframework.boot.test.context.SpringBootTestContextBootstrapper=true}

  .   ____          _            __ _ _
 /\\ / ___'_ __ _ _(_)_ __  __ _ \ \ \ \
( ( )\___ | '_ | '_| | '_ \/ _` | \ \ \ \
 \\/  ___)| |_)| | | | | || (_| |  ) ) ) )
  '  |____| .__|_| |_|_| |_\__, | / / / /
 =========|_|==============|___/=/_/_/_/
 :: Spring Boot ::        (v2.3.5.RELEASE)

2020-12-11 23:11:45.415  INFO 47503 --- [    Test worker] c.y.m.c.c.c.CouponCounterControllerTest  : Starting CouponCounterControllerTest on yokkaebiui-MacBookPro.local with PID 47503 (started by yoggaebi in /Users/yoggaebi/IdeaProjects/yos-coupon-reactive-api)
2020-12-11 23:11:45.416  INFO 47503 --- [    Test worker] c.y.m.c.c.c.CouponCounterControllerTest  : No active profile set, falling back to default profiles: default
2020-12-11 23:11:46.823  INFO 47503 --- [    Test worker] c.y.m.c.c.c.CouponCounterControllerTest  : Started CouponCounterControllerTest in 1.963 seconds (JVM running for 3.338)
org.springframework.test.web.reactive.server.DefaultWebTestClient$DefaultBodyContentSpec@703862b7
org.springframework.test.web.reactive.server.DefaultWebTestClient$DefaultBodyContentSpec@4ce2546b@@@
]]></system-out>
  <system-err><![CDATA[]]></system-err>
</testsuite>
