<?xml version="1.0" encoding="UTF-8"?>
<testsuite name="com.yosep.msa.coupon.coupon.controller.CouponCounterControllerTest" tests="1" skipped="0" failures="0" errors="0" timestamp="2020-12-07T13:45:11" hostname="yokkaebiui-MacBookPro.local" time="0.918">
  <properties/>
  <testcase name="useCountableCouponTest()" classname="com.yosep.msa.coupon.coupon.controller.CouponCounterControllerTest" time="0.918"/>
  <system-out><![CDATA[22:45:09.066 [Test worker] DEBUG org.springframework.test.context.BootstrapUtils - Instantiating CacheAwareContextLoaderDelegate from class [org.springframework.test.context.cache.DefaultCacheAwareContextLoaderDelegate]
22:45:09.078 [Test worker] DEBUG org.springframework.test.context.BootstrapUtils - Instantiating BootstrapContext using constructor [public org.springframework.test.context.support.DefaultBootstrapContext(java.lang.Class,org.springframework.test.context.CacheAwareContextLoaderDelegate)]
22:45:09.104 [Test worker] DEBUG org.springframework.test.context.BootstrapUtils - Instantiating TestContextBootstrapper for test class [com.yosep.msa.coupon.coupon.controller.CouponCounterControllerTest] from class [org.springframework.boot.test.context.SpringBootTestContextBootstrapper]
22:45:09.124 [Test worker] INFO org.springframework.boot.test.context.SpringBootTestContextBootstrapper - Neither @ContextConfiguration nor @ContextHierarchy found for test class [com.yosep.msa.coupon.coupon.controller.CouponCounterControllerTest], using SpringBootContextLoader
22:45:09.127 [Test worker] DEBUG org.springframework.test.context.support.AbstractContextLoader - Did not detect default resource location for test class [com.yosep.msa.coupon.coupon.controller.CouponCounterControllerTest]: class path resource [com/yosep/msa/coupon/coupon/controller/CouponCounterControllerTest-context.xml] does not exist
22:45:09.127 [Test worker] DEBUG org.springframework.test.context.support.AbstractContextLoader - Did not detect default resource location for test class [com.yosep.msa.coupon.coupon.controller.CouponCounterControllerTest]: class path resource [com/yosep/msa/coupon/coupon/controller/CouponCounterControllerTestContext.groovy] does not exist
22:45:09.128 [Test worker] INFO org.springframework.test.context.support.AbstractContextLoader - Could not detect default resource locations for test class [com.yosep.msa.coupon.coupon.controller.CouponCounterControllerTest]: no resource found for suffixes {-context.xml, Context.groovy}.
22:45:09.183 [Test worker] DEBUG org.springframework.test.context.support.ActiveProfilesUtils - Could not find an 'annotation declaring class' for annotation type [org.springframework.test.context.ActiveProfiles] and class [com.yosep.msa.coupon.coupon.controller.CouponCounterControllerTest]
22:45:09.283 [Test worker] DEBUG org.springframework.boot.test.context.SpringBootTestContextBootstrapper - @TestExecutionListeners is not present for class [com.yosep.msa.coupon.coupon.controller.CouponCounterControllerTest]: using defaults.
22:45:09.283 [Test worker] INFO org.springframework.boot.test.context.SpringBootTestContextBootstrapper - Loaded default TestExecutionListener class names from location [META-INF/spring.factories]: [org.springframework.security.test.context.support.WithSecurityContextTestExecutionListener, org.springframework.security.test.context.support.ReactorContextTestExecutionListener, org.springframework.boot.test.autoconfigure.restdocs.RestDocsTestExecutionListener, org.springframework.boot.test.autoconfigure.web.client.MockRestServiceServerResetTestExecutionListener, org.springframework.boot.test.autoconfigure.web.servlet.MockMvcPrintOnlyOnFailureTestExecutionListener, org.springframework.boot.test.autoconfigure.web.servlet.WebDriverTestExecutionListener, org.springframework.boot.test.autoconfigure.webservices.client.MockWebServiceServerTestExecutionListener, org.springframework.boot.test.mock.mockito.MockitoTestExecutionListener, org.springframework.boot.test.mock.mockito.ResetMocksTestExecutionListener, org.springframework.test.context.web.ServletTestExecutionListener, org.springframework.test.context.support.DirtiesContextBeforeModesTestExecutionListener, org.springframework.test.context.support.DependencyInjectionTestExecutionListener, org.springframework.test.context.support.DirtiesContextTestExecutionListener, org.springframework.test.context.transaction.TransactionalTestExecutionListener, org.springframework.test.context.jdbc.SqlScriptsTestExecutionListener, org.springframework.test.context.event.EventPublishingTestExecutionListener]
22:45:09.296 [Test worker] DEBUG org.springframework.boot.test.context.SpringBootTestContextBootstrapper - Skipping candidate TestExecutionListener [org.springframework.test.context.web.ServletTestExecutionListener] due to a missing dependency. Specify custom listener classes or make the default listener classes and their required dependencies available. Offending class: [javax/servlet/ServletContext]
22:45:09.305 [Test worker] INFO org.springframework.boot.test.context.SpringBootTestContextBootstrapper - Using TestExecutionListeners: [org.springframework.test.context.support.DirtiesContextBeforeModesTestExecutionListener@20ffe65, org.springframework.boot.test.mock.mockito.MockitoTestExecutionListener@4acb35d8, org.springframework.boot.test.autoconfigure.SpringBootDependencyInjectionTestExecutionListener@5941c78e, org.springframework.test.context.support.DirtiesContextTestExecutionListener@3a32c67d, org.springframework.test.context.transaction.TransactionalTestExecutionListener@47b3fb88, org.springframework.test.context.jdbc.SqlScriptsTestExecutionListener@54c57353, org.springframework.security.test.context.support.WithSecurityContextTestExecutionListener@3efa3f2, org.springframework.test.context.event.EventPublishingTestExecutionListener@2fc29cdc, org.springframework.security.test.context.support.ReactorContextTestExecutionListener@77f55d17, org.springframework.boot.test.autoconfigure.restdocs.RestDocsTestExecutionListener@855f751, org.springframework.boot.test.autoconfigure.web.client.MockRestServiceServerResetTestExecutionListener@765b359a, org.springframework.boot.test.autoconfigure.web.servlet.MockMvcPrintOnlyOnFailureTestExecutionListener@4dc473f1, org.springframework.boot.test.autoconfigure.web.servlet.WebDriverTestExecutionListener@108482bb, org.springframework.boot.test.autoconfigure.webservices.client.MockWebServiceServerTestExecutionListener@37cc1085, org.springframework.boot.test.mock.mockito.ResetMocksTestExecutionListener@18141403]
22:45:09.308 [Test worker] DEBUG org.springframework.test.context.support.AbstractDirtiesContextTestExecutionListener - Before test class: context [DefaultTestContext@62f56d7b testClass = CouponCounterControllerTest, testInstance = [null], testMethod = [null], testException = [null], mergedContextConfiguration = [ReactiveWebMergedContextConfiguration@5a61c86a testClass = CouponCounterControllerTest, locations = '{}', classes = '{class com.yosep.msa.coupon.coupon.controller.CouponCounterControllerTest, class com.yosep.msa.coupon.coupon.controller.CouponCounterControllerTest}', contextInitializerClasses = '[]', activeProfiles = '{}', propertySourceLocations = '{}', propertySourceProperties = '{org.springframework.boot.test.context.SpringBootTestContextBootstrapper=true}', contextCustomizers = set[org.springframework.boot.test.autoconfigure.properties.PropertyMappingContextCustomizer@0, org.springframework.boot.test.autoconfigure.web.servlet.WebDriverContextCustomizerFactory$Customizer@7876ad11, [ImportsContextCustomizer@575814b6 key = [com.yosep.msa.coupon.config.RedisConfig, com.yosep.msa.coupon.coupon.repository.CouponRedisCounterRepository, com.yosep.msa.yoscouponapi.coupon.service.CouponCounterService, com.yosep.msa.coupon.coupon.controller.CouponCounterRouter, com.yosep.msa.coupon.coupon.service.CouponCounterHandler]], org.springframework.boot.test.context.filter.ExcludeFilterContextCustomizer@70aea973, org.springframework.boot.test.json.DuplicateJsonObjectContextCustomizerFactory$DuplicateJsonObjectContextCustomizer@67fe524, org.springframework.boot.test.mock.mockito.MockitoContextCustomizer@0, org.springframework.boot.test.web.client.TestRestTemplateContextCustomizer@7ccd19f9, org.springframework.boot.test.web.reactive.server.WebTestClientContextCustomizer@3a60b3bd, org.springframework.boot.test.context.SpringBootTestArgs@1, org.springframework.boot.test.context.SpringBootTestWebEnvironment@22e63414], contextLoader = 'org.springframework.boot.test.context.SpringBootContextLoader', parent = [null]], attributes = map[[empty]]], class annotated with @DirtiesContext [false] with mode [null].
22:45:09.345 [Test worker] DEBUG org.springframework.test.context.support.TestPropertySourceUtils - Adding inlined properties to environment: {spring.jmx.enabled=false, org.springframework.boot.test.context.SpringBootTestContextBootstrapper=true}

  .   ____          _            __ _ _
 /\\ / ___'_ __ _ _(_)_ __  __ _ \ \ \ \
( ( )\___ | '_ | '_| | '_ \/ _` | \ \ \ \
 \\/  ___)| |_)| | | | | || (_| |  ) ) ) )
  '  |____| .__|_| |_|_| |_\__, | / / / /
 =========|_|==============|___/=/_/_/_/
 :: Spring Boot ::        (v2.3.5.RELEASE)

2020-12-07 22:45:10.082  INFO 15292 --- [    Test worker] c.y.m.c.c.c.CouponCounterControllerTest  : Starting CouponCounterControllerTest on yokkaebiui-MacBookPro.local with PID 15292 (started by yoggaebi in /Users/yoggaebi/IdeaProjects/yos-coupon-reactive-api)
2020-12-07 22:45:10.083  INFO 15292 --- [    Test worker] c.y.m.c.c.c.CouponCounterControllerTest  : No active profile set, falling back to default profiles: default
2020-12-07 22:45:11.267  INFO 15292 --- [    Test worker] c.y.m.c.c.c.CouponCounterControllerTest  : Started CouponCounterControllerTest in 1.912 seconds (JVM running for 3.182)
org.springframework.test.web.reactive.server.DefaultWebTestClient$DefaultBodyContentSpec@1bd9765d
]]></system-out>
  <system-err><![CDATA[]]></system-err>
</testsuite>
