<?xml version="1.0" encoding="UTF-8"?>
<testsuite name="com.yosep.msa.coupon.coupon.controller.CouponCounterControllerTest" tests="1" skipped="0" failures="0" errors="0" timestamp="2020-12-09T10:23:48" hostname="yokkaebiui-MacBookPro.local" time="0.806">
  <properties/>
  <testcase name="useCountableCouponButCountZeroTest()" classname="com.yosep.msa.coupon.coupon.controller.CouponCounterControllerTest" time="0.806"/>
  <system-out><![CDATA[19:23:46.913 [Test worker] DEBUG org.springframework.test.context.BootstrapUtils - Instantiating CacheAwareContextLoaderDelegate from class [org.springframework.test.context.cache.DefaultCacheAwareContextLoaderDelegate]
19:23:46.923 [Test worker] DEBUG org.springframework.test.context.BootstrapUtils - Instantiating BootstrapContext using constructor [public org.springframework.test.context.support.DefaultBootstrapContext(java.lang.Class,org.springframework.test.context.CacheAwareContextLoaderDelegate)]
19:23:46.945 [Test worker] DEBUG org.springframework.test.context.BootstrapUtils - Instantiating TestContextBootstrapper for test class [com.yosep.msa.coupon.coupon.controller.CouponCounterControllerTest] from class [org.springframework.boot.test.context.SpringBootTestContextBootstrapper]
19:23:46.958 [Test worker] INFO org.springframework.boot.test.context.SpringBootTestContextBootstrapper - Neither @ContextConfiguration nor @ContextHierarchy found for test class [com.yosep.msa.coupon.coupon.controller.CouponCounterControllerTest], using SpringBootContextLoader
19:23:46.961 [Test worker] DEBUG org.springframework.test.context.support.AbstractContextLoader - Did not detect default resource location for test class [com.yosep.msa.coupon.coupon.controller.CouponCounterControllerTest]: class path resource [com/yosep/msa/coupon/coupon/controller/CouponCounterControllerTest-context.xml] does not exist
19:23:46.961 [Test worker] DEBUG org.springframework.test.context.support.AbstractContextLoader - Did not detect default resource location for test class [com.yosep.msa.coupon.coupon.controller.CouponCounterControllerTest]: class path resource [com/yosep/msa/coupon/coupon/controller/CouponCounterControllerTestContext.groovy] does not exist
19:23:46.961 [Test worker] INFO org.springframework.test.context.support.AbstractContextLoader - Could not detect default resource locations for test class [com.yosep.msa.coupon.coupon.controller.CouponCounterControllerTest]: no resource found for suffixes {-context.xml, Context.groovy}.
19:23:47.003 [Test worker] DEBUG org.springframework.test.context.support.ActiveProfilesUtils - Could not find an 'annotation declaring class' for annotation type [org.springframework.test.context.ActiveProfiles] and class [com.yosep.msa.coupon.coupon.controller.CouponCounterControllerTest]
19:23:47.093 [Test worker] DEBUG org.springframework.boot.test.context.SpringBootTestContextBootstrapper - @TestExecutionListeners is not present for class [com.yosep.msa.coupon.coupon.controller.CouponCounterControllerTest]: using defaults.
19:23:47.093 [Test worker] INFO org.springframework.boot.test.context.SpringBootTestContextBootstrapper - Loaded default TestExecutionListener class names from location [META-INF/spring.factories]: [org.springframework.security.test.context.support.WithSecurityContextTestExecutionListener, org.springframework.security.test.context.support.ReactorContextTestExecutionListener, org.springframework.boot.test.autoconfigure.restdocs.RestDocsTestExecutionListener, org.springframework.boot.test.autoconfigure.web.client.MockRestServiceServerResetTestExecutionListener, org.springframework.boot.test.autoconfigure.web.servlet.MockMvcPrintOnlyOnFailureTestExecutionListener, org.springframework.boot.test.autoconfigure.web.servlet.WebDriverTestExecutionListener, org.springframework.boot.test.autoconfigure.webservices.client.MockWebServiceServerTestExecutionListener, org.springframework.boot.test.mock.mockito.MockitoTestExecutionListener, org.springframework.boot.test.mock.mockito.ResetMocksTestExecutionListener, org.springframework.test.context.web.ServletTestExecutionListener, org.springframework.test.context.support.DirtiesContextBeforeModesTestExecutionListener, org.springframework.test.context.support.DependencyInjectionTestExecutionListener, org.springframework.test.context.support.DirtiesContextTestExecutionListener, org.springframework.test.context.transaction.TransactionalTestExecutionListener, org.springframework.test.context.jdbc.SqlScriptsTestExecutionListener, org.springframework.test.context.event.EventPublishingTestExecutionListener]
19:23:47.105 [Test worker] DEBUG org.springframework.boot.test.context.SpringBootTestContextBootstrapper - Skipping candidate TestExecutionListener [org.springframework.test.context.web.ServletTestExecutionListener] due to a missing dependency. Specify custom listener classes or make the default listener classes and their required dependencies available. Offending class: [javax/servlet/ServletContext]
19:23:47.113 [Test worker] INFO org.springframework.boot.test.context.SpringBootTestContextBootstrapper - Using TestExecutionListeners: [org.springframework.test.context.support.DirtiesContextBeforeModesTestExecutionListener@122123b7, org.springframework.boot.test.mock.mockito.MockitoTestExecutionListener@7d01ff2a, org.springframework.boot.test.autoconfigure.SpringBootDependencyInjectionTestExecutionListener@247a37fe, org.springframework.test.context.support.DirtiesContextTestExecutionListener@672b710d, org.springframework.test.context.transaction.TransactionalTestExecutionListener@7c8cdac4, org.springframework.test.context.jdbc.SqlScriptsTestExecutionListener@e8692d0, org.springframework.security.test.context.support.WithSecurityContextTestExecutionListener@7bb69139, org.springframework.test.context.event.EventPublishingTestExecutionListener@4729345b, org.springframework.security.test.context.support.ReactorContextTestExecutionListener@5de98c80, org.springframework.boot.test.autoconfigure.restdocs.RestDocsTestExecutionListener@67c385ff, org.springframework.boot.test.autoconfigure.web.client.MockRestServiceServerResetTestExecutionListener@28b3ef67, org.springframework.boot.test.autoconfigure.web.servlet.MockMvcPrintOnlyOnFailureTestExecutionListener@26b68dc6, org.springframework.boot.test.autoconfigure.web.servlet.WebDriverTestExecutionListener@372a981c, org.springframework.boot.test.autoconfigure.webservices.client.MockWebServiceServerTestExecutionListener@4cbd1f7b, org.springframework.boot.test.mock.mockito.ResetMocksTestExecutionListener@7bc2195c]
19:23:47.116 [Test worker] DEBUG org.springframework.test.context.support.AbstractDirtiesContextTestExecutionListener - Before test class: context [DefaultTestContext@26280d03 testClass = CouponCounterControllerTest, testInstance = [null], testMethod = [null], testException = [null], mergedContextConfiguration = [ReactiveWebMergedContextConfiguration@75b04267 testClass = CouponCounterControllerTest, locations = '{}', classes = '{class com.yosep.msa.coupon.coupon.controller.CouponCounterControllerTest, class com.yosep.msa.coupon.coupon.controller.CouponCounterControllerTest}', contextInitializerClasses = '[]', activeProfiles = '{}', propertySourceLocations = '{}', propertySourceProperties = '{org.springframework.boot.test.context.SpringBootTestContextBootstrapper=true}', contextCustomizers = set[org.springframework.boot.test.autoconfigure.properties.PropertyMappingContextCustomizer@0, org.springframework.boot.test.autoconfigure.web.servlet.WebDriverContextCustomizerFactory$Customizer@4f0cffba, [ImportsContextCustomizer@45fdefe6 key = [com.yosep.msa.coupon.config.RedisConfig, com.yosep.msa.coupon.coupon.repository.CouponRedisCounterRepository, com.yosep.msa.coupon.coupon.service.CouponCounterService, com.yosep.msa.coupon.coupon.controller.CouponCounterRouter, com.yosep.msa.coupon.coupon.service.CouponCounterHandler]], org.springframework.boot.test.context.filter.ExcludeFilterContextCustomizer@25c5012d, org.springframework.boot.test.json.DuplicateJsonObjectContextCustomizerFactory$DuplicateJsonObjectContextCustomizer@858700e, org.springframework.boot.test.mock.mockito.MockitoContextCustomizer@0, org.springframework.boot.test.web.client.TestRestTemplateContextCustomizer@339db6af, org.springframework.boot.test.web.reactive.server.WebTestClientContextCustomizer@1fde32c1, org.springframework.boot.test.context.SpringBootTestArgs@1, org.springframework.boot.test.context.SpringBootTestWebEnvironment@3c73feab], contextLoader = 'org.springframework.boot.test.context.SpringBootContextLoader', parent = [null]], attributes = map[[empty]]], class annotated with @DirtiesContext [false] with mode [null].
19:23:47.147 [Test worker] DEBUG org.springframework.test.context.support.TestPropertySourceUtils - Adding inlined properties to environment: {spring.jmx.enabled=false, org.springframework.boot.test.context.SpringBootTestContextBootstrapper=true}

  .   ____          _            __ _ _
 /\\ / ___'_ __ _ _(_)_ __  __ _ \ \ \ \
( ( )\___ | '_ | '_| | '_ \/ _` | \ \ \ \
 \\/  ___)| |_)| | | | | || (_| |  ) ) ) )
  '  |____| .__|_| |_|_| |_\__, | / / / /
 =========|_|==============|___/=/_/_/_/
 :: Spring Boot ::        (v2.3.5.RELEASE)

2020-12-09 19:23:47.586  INFO 26489 --- [    Test worker] c.y.m.c.c.c.CouponCounterControllerTest  : Starting CouponCounterControllerTest on yokkaebiui-MacBookPro.local with PID 26489 (started by yoggaebi in /Users/yoggaebi/IdeaProjects/yos-coupon-reactive-api)
2020-12-09 19:23:47.587  INFO 26489 --- [    Test worker] c.y.m.c.c.c.CouponCounterControllerTest  : No active profile set, falling back to default profiles: default
2020-12-09 19:23:48.641  INFO 26489 --- [    Test worker] c.y.m.c.c.c.CouponCounterControllerTest  : Started CouponCounterControllerTest in 1.482 seconds (JVM running for 2.482)
useCouponOnce Call
값을 복구합니다.
increase
]]></system-out>
  <system-err><![CDATA[]]></system-err>
</testsuite>
